
> frontend-next@0.1.0 dev
> next dev

▲ Next.js 16.1.6 (Turbopack)
- Local:         http://localhost:3000
- Network:       http://172.16.10.17:3000

✓ Starting...
✓ Ready in 6.8s
○ Compiling /dashboard ...
⨯ ./src/app/dashboard
You cannot have two parallel pages that resolve to the same path. Please check /(app)/dashboard and /dashboard.

 GET /dashboard 500 in 9.5s (compile: 9.2s, render: 290ms)
⨯ ./src/app/dashboard
You cannot have two parallel pages that resolve to the same path. Please check /(app)/dashboard and /dashboard.

 GET / 500 in 480ms (compile: 460ms, render: 20ms)
⨯ ./src/app/dashboard
You cannot have two parallel pages that resolve to the same path. Please check /(app)/dashboard and /dashboard.

 GET / 500 in 60ms (compile: 34ms, render: 26ms)
⨯ ./src/app/dashboard
You cannot have two parallel pages that resolve to the same path. Please check /(app)/dashboard and /dashboard.

 GET / 500 in 73ms (compile: 50ms, render: 23ms)
○ Compiling /phase3-location ...
⨯ ./src/app/dashboard
You cannot have two parallel pages that resolve to the same path. Please check /(app)/dashboard and /dashboard.

 GET /phase3-location 500 in 5.0s (compile: 5.0s, render: 8ms)
✓ Compiled in 6.9s
 GET /phase3-location 200 in 1063ms (compile: 772ms, render: 290ms)
 GET /phase3-location 200 in 137ms (compile: 28ms, render: 109ms)
○ Compiling /dashboard ...
✓ Finished writing to filesystem cache in 10.4s
 GET /dashboard 200 in 13.0s (compile: 10.8s, render: 2.2s)
✓ Finished filesystem cache database compaction in 21.9s
✓ Finished writing to filesystem cache in 19.9s
 GET /phase3-location 200 in 451ms (compile: 140ms, render: 311ms)
✓ Finished filesystem cache database compaction in 29.3s
 GET /dashboard 200 in 2.9s (compile: 1691ms, render: 1246ms)
 GET /phase3-location 200 in 264ms (compile: 87ms, render: 176ms)
 GET /dashboard 200 in 1617ms (compile: 454ms, render: 1163ms)
 GET /phase3-location 200 in 201ms (compile: 50ms, render: 151ms)
 GET /dashboard 200 in 766ms (compile: 332ms, render: 434ms)
○ Compiling /phase4-contract ...
 GET /phase4-contract 200 in 4.9s (compile: 4.3s, render: 614ms)
 GET /dashboard 200 in 131ms (compile: 15ms, render: 117ms)
✓ Finished filesystem cache database compaction in 31.9s
✓ Finished writing to filesystem cache in 30.2s
 GET /phase4-contract 200 in 821ms (compile: 318ms, render: 503ms)
 GET / 200 in 462ms (compile: 103ms, render: 359ms)
○ Compiling /_not-found/page ...
 GET /videos/dashboard-demo.mp4 404 in 3.0s (compile: 2.7s, render: 308ms)
 GET /videos/dashboard-demo.mp4 404 in 34ms (compile: 13ms, render: 20ms)
 GET /videos/dashboard-demo.mp4 404 in 25ms (compile: 9ms, render: 16ms)
 GET /videos/dashboard-demo.mp4 404 in 57ms (compile: 11ms, render: 45ms)
 GET /videos/dashboard-demo.mp4 404 in 66ms (compile: 18ms, render: 47ms)
 GET /phase1-setup 200 in 6.4s (compile: 6.3s, render: 27ms)
 GET /phase1-setup 200 in 24ms (compile: 15ms, render: 9ms)
○ Compiling /phase2-simulator ...
 GET /phase2-simulator 200 in 7.3s (compile: 7.2s, render: 15ms)
 GET /showcase 200 in 668ms (compile: 595ms, render: 74ms)
○ Compiling /login ...
 GET /login 200 in 6.1s (compile: 5.6s, render: 471ms)
 GET /dashboard 200 in 174ms (compile: 129ms, render: 45ms)
 GET /phase3-location 200 in 97ms (compile: 54ms, render: 42ms)
✓ Compiled in 9.1s
✓ Compiled in 6.7s
 GET /dashboard 200 in 1863ms (compile: 1029ms, render: 834ms)
 GET /dashboard 200 in 2.1s (compile: 1465ms, render: 666ms)
✓ Finished filesystem cache database compaction in 19.3s
✓ Finished writing to filesystem cache in 17.7s
✓ Compiled in 11.9s
✓ Finished filesystem cache database compaction in 19.6s
✓ Compiled in 6.9s
✓ Finished writing to filesystem cache in 11.9s
 GET / 200 in 2.3s (compile: 1446ms, render: 813ms)
 GET /videos/dashboard-demo.mp4 404 in 380ms (compile: 282ms, render: 98ms)
 GET /videos/dashboard-demo.mp4 404 in 35ms (compile: 3ms, render: 32ms)
 GET /videos/dashboard-demo.mp4 404 in 84ms (compile: 13ms, render: 72ms)
 GET /videos/dashboard-demo.mp4 404 in 58ms (compile: 12ms, render: 46ms)
 GET /videos/dashboard-demo.mp4 404 in 53ms (compile: 6ms, render: 47ms)
 GET /phase1-setup 200 in 385ms (compile: 334ms, render: 51ms)
 GET /dashboard 200 in 599ms (compile: 245ms, render: 354ms)
○ Compiling /signup ...
 GET /signup 200 in 4.5s (compile: 4.4s, render: 64ms)
⨯ ReferenceError: cn is not defined
    at SignupForm (src/features/auth/ui/SignupForm.tsx:61:23)
  59 |     <div className="space-y-6">
  60 |       {/* Reward Banner */}
> 61 |       <div className={cn(
     |                       ^
  62 |         "p-6 rounded-2xl border-2 border-dashed flex items-start gap-4 animate-in fade-in slide-in-from-top-4 duration-700",
  63 |         userType === 'startup' 
  64 |           ? "bg-blue-50 border-blue-200 dark:bg-blue-900/10 dark:border-blue-800/50"  {
  digest: '1925565730'
}
 GET /signup 500 in 549ms (compile: 27ms, render: 522ms)
 GET /login 200 in 787ms (compile: 445ms, render: 343ms)
 GET /dashboard 200 in 704ms (compile: 320ms, render: 384ms)
 GET /dashboard 200 in 165ms (compile: 37ms, render: 128ms)
⨯ ReferenceError: cn is not defined
    at SignupForm (src/features/auth/ui/SignupForm.tsx:61:23)
  59 |     <div className="space-y-6">
  60 |       {/* Reward Banner */}
> 61 |       <div className={cn(
     |                       ^
  62 |         "p-6 rounded-2xl border-2 border-dashed flex items-start gap-4 animate-in fade-in slide-in-from-top-4 duration-700",
  63 |         userType === 'startup' 
  64 |           ? "bg-blue-50 border-blue-200 dark:bg-blue-900/10 dark:border-blue-800/50"  {
  digest: '1925565730'
}
 GET /signup 500 in 260ms (compile: 50ms, render: 210ms)
 GET /dashboard 200 in 148ms (compile: 35ms, render: 113ms)
 GET /signup 200 in 9.2s (compile: 5.1s, render: 4.1s)
 GET /dashboard 200 in 219ms (compile: 128ms, render: 91ms)
✓ Compiled in 16.5s
✓ Compiled in 7.2s
✓ Finished filesystem cache database compaction in 72s
✓ Compiled in 16ms
✓ Finished writing to filesystem cache in 15.9s
 GET /signup 200 in 6.8s (compile: 3.2s, render: 3.6s)
 GET /dashboard 200 in 1106ms (compile: 473ms, render: 633ms)
✓ Finished filesystem cache database compaction in 96s
✓ Finished writing to filesystem cache in 94s
 GET /dashboard 200 in 1945ms (compile: 570ms, render: 1376ms)
⚠ Cross origin request detected from 127.0.0.1 to /_next/* resource. In a future major version of Next.js, you will need to explicitly configure "allowedDevOrigins" in next.config to allow this.
Read more: https://nextjs.org/docs/app/api-reference/config/next-config-js/allowedDevOrigins
 GET / 200 in 887ms (compile: 271ms, render: 616ms)
 GET /videos/dashboard-demo.mp4 404 in 2.7s (compile: 2.4s, render: 371ms)
 GET /videos/dashboard-demo.mp4 404 in 140ms (compile: 97ms, render: 43ms)
 GET /videos/dashboard-demo.mp4 404 in 76ms (compile: 12ms, render: 65ms)
 GET /videos/dashboard-demo.mp4 404 in 62ms (compile: 10ms, render: 52ms)
 GET /videos/dashboard-demo.mp4 404 in 72ms (compile: 35ms, render: 37ms)
 GET /phase1-setup 200 in 666ms (compile: 593ms, render: 73ms)
 GET /phase2-simulator 200 in 992ms (compile: 923ms, render: 68ms)
 GET /phase2-simulator 200 in 4.7s (compile: 3.8s, render: 904ms)
✓ Finished writing to filesystem cache in 15.5s
 GET / 200 in 2.7s (compile: 1432ms, render: 1267ms)
 GET /videos/dashboard-demo.mp4 404 in 487ms (compile: 289ms, render: 199ms)
 GET /videos/dashboard-demo.mp4 404 in 111ms (compile: 68ms, render: 43ms)
 GET /videos/dashboard-demo.mp4 404 in 92ms (compile: 26ms, render: 66ms)
 GET /videos/dashboard-demo.mp4 404 in 67ms (compile: 40ms, render: 27ms)
 GET /videos/dashboard-demo.mp4 404 in 161ms (compile: 15ms, render: 146ms)
 GET /phase1-setup 200 in 471ms (compile: 372ms, render: 99ms)
✓ Finished filesystem cache database compaction in 47s
✓ Finished writing to filesystem cache in 31.3s
 GET /phase2-simulator 200 in 1269ms (compile: 863ms, render: 406ms)
✓ Compiled in 9s
✓ Compiled in 66ms
 GET /phase2-simulator 200 in 2.4s (compile: 1059ms, render: 1328ms)
✓ Compiled in 2.9s
✓ Finished filesystem cache database compaction in 21.5s
✓ Compiled in 68ms
 GET /phase2-simulator 200 in 2.8s (compile: 1360ms, render: 1401ms)
✓ Finished filesystem cache database compaction in 11.1s
✓ Compiled in 4.7s
✓ Compiled in 4s
 GET /phase2-simulator 200 in 7.5s (compile: 5.4s, render: 2.1s)
 GET /phase2-simulator 200 in 2.2s (compile: 1585ms, render: 578ms)
✓ Compiled in 9.2s
 GET /phase2-simulator 200 in 3.3s (compile: 2.0s, render: 1246ms)
✓ Compiled in 12.2s
✓ Compiled in 13.8s
 GET /phase2-simulator 200 in 12.7s (compile: 9.3s, render: 3.4s)
 GET /phase2-simulator 200 in 103ms (compile: 35ms, render: 68ms)
✓ Compiled in 12.3s
✓ Finished writing to filesystem cache in 21.9s
✓ Finished filesystem cache database compaction in 78s
 GET /phase2-simulator 200 in 7.3s (compile: 3.6s, render: 3.7s)
✓ Finished filesystem cache database compaction in 51s
✓ Compiled in 8.6s
✓ Finished writing to filesystem cache in 14.2s
✓ Compiled in 5.2s
 GET / 200 in 4.9s (compile: 1743ms, render: 3.2s)
 GET /videos/dashboard-demo.mp4 404 in 1091ms (compile: 857ms, render: 234ms)
 GET /videos/dashboard-demo.mp4 404 in 117ms (compile: 12ms, render: 105ms)
 GET /videos/dashboard-demo.mp4 404 in 527ms (compile: 426ms, render: 100ms)
 GET /videos/dashboard-demo.mp4 404 in 470ms (compile: 340ms, render: 130ms)
 GET /videos/dashboard-demo.mp4 404 in 54ms (compile: 5ms, render: 49ms)
